  editor.cpp
  eventos.cpp
E:\iki\Will Gem\WillGem MMORPG Engine\WillGem MMORPG Engine\WillGem MMORPG Map Editor\WillGem MMORPG Map Editor\eventos.cpp(40): warning C4244: 'argument': conversion from 'T' to 'T', possible loss of data
          with
          [
              T=float
          ]
          and
          [
              T=int
          ]
E:\iki\Will Gem\WillGem MMORPG Engine\WillGem MMORPG Engine\WillGem MMORPG Map Editor\WillGem MMORPG Map Editor\eventos.cpp(44): warning C4244: 'argument': conversion from 'T' to 'T', possible loss of data
          with
          [
              T=float
          ]
          and
          [
              T=int
          ]
E:\iki\Will Gem\WillGem MMORPG Engine\WillGem MMORPG Engine\WillGem MMORPG Map Editor\WillGem MMORPG Map Editor\eventos.cpp(57): warning C4244: 'argument': conversion from 'T' to 'T', possible loss of data
          with
          [
              T=float
          ]
          and
          [
              T=int
          ]
E:\iki\Will Gem\WillGem MMORPG Engine\WillGem MMORPG Engine\WillGem MMORPG Map Editor\WillGem MMORPG Map Editor\eventos.cpp(77): warning C4018: '<': signed/unsigned mismatch
E:\iki\Will Gem\WillGem MMORPG Engine\WillGem MMORPG Engine\WillGem MMORPG Map Editor\WillGem MMORPG Map Editor\eventos.cpp(77): warning C4018: '>': signed/unsigned mismatch
E:\iki\Will Gem\WillGem MMORPG Engine\WillGem MMORPG Engine\WillGem MMORPG Map Editor\WillGem MMORPG Map Editor\eventos.cpp(86): warning C4018: '<': signed/unsigned mismatch
E:\iki\Will Gem\WillGem MMORPG Engine\WillGem MMORPG Engine\WillGem MMORPG Map Editor\WillGem MMORPG Map Editor\eventos.cpp(86): warning C4018: '>': signed/unsigned mismatch
E:\iki\Will Gem\WillGem MMORPG Engine\WillGem MMORPG Engine\WillGem MMORPG Map Editor\WillGem MMORPG Map Editor\eventos.cpp(132): warning C4244: 'argument': conversion from 'T' to 'T', possible loss of data
          with
          [
              T=int
          ]
          and
          [
              T=float
          ]
  main.cpp
  mapa.cpp
E:\iki\Will Gem\WillGem MMORPG Engine\WillGem MMORPG Engine\WillGem MMORPG Map Editor\WillGem MMORPG Map Editor\mapa.cpp(29): warning C4244: 'argument': conversion from 'T' to 'T', possible loss of data
          with
          [
              T=unsigned int
          ]
          and
          [
              T=float
          ]
E:\iki\Will Gem\WillGem MMORPG Engine\WillGem MMORPG Engine\WillGem MMORPG Map Editor\WillGem MMORPG Map Editor\mapa.cpp(33): warning C4018: '<=': signed/unsigned mismatch
E:\iki\Will Gem\WillGem MMORPG Engine\WillGem MMORPG Engine\WillGem MMORPG Map Editor\WillGem MMORPG Map Editor\mapa.cpp(35): warning C4244: 'argument': conversion from 'T' to 'float', possible loss of data
          with
          [
              T=unsigned int
          ]
E:\iki\Will Gem\WillGem MMORPG Engine\WillGem MMORPG Engine\WillGem MMORPG Map Editor\WillGem MMORPG Map Editor\mapa.cpp(42): warning C4018: '<=': signed/unsigned mismatch
E:\iki\Will Gem\WillGem MMORPG Engine\WillGem MMORPG Engine\WillGem MMORPG Map Editor\WillGem MMORPG Map Editor\mapa.cpp(44): warning C4244: 'argument': conversion from 'T' to 'float', possible loss of data
          with
          [
              T=unsigned int
          ]
E:\iki\Will Gem\WillGem MMORPG Engine\WillGem MMORPG Engine\WillGem MMORPG Map Editor\WillGem MMORPG Map Editor\mapa.cpp(53): warning C4018: '<': signed/unsigned mismatch
E:\iki\Will Gem\WillGem MMORPG Engine\WillGem MMORPG Engine\WillGem MMORPG Map Editor\WillGem MMORPG Map Editor\mapa.cpp(55): warning C4018: '<': signed/unsigned mismatch
E:\iki\Will Gem\WillGem MMORPG Engine\WillGem MMORPG Engine\WillGem MMORPG Map Editor\WillGem MMORPG Map Editor\mapa.cpp(70): warning C4244: 'argument': conversion from 'T' to 'float', possible loss of data
          with
          [
              T=unsigned int
          ]
  Generating Code...
  WillGem MMORPG Map Editor.vcxproj -> E:\iki\Will Gem\WillGem MMORPG Engine\WillGem MMORPG Engine\WillGem MMORPG Map Editor\Debug\WillGem MMORPG Map Editor.exe
